<?xml version="1.0" encoding="UTF-8"?>
<testsuite xmlns:xsi="http://www.w3.org/2001/XMLSchema-instance" xsi:noNamespaceSchemaLocation="https://maven.apache.org/surefire/maven-surefire-plugin/xsd/surefire-test-report-3.0.xsd" version="3.0" name="com.usuarios.UsuariosRest.UsuariosRestApplicationTests" time="6.007" tests="1" errors="0" skipped="0" failures="0">
  <properties>
[...]
</properties>
  <testcase name="contextLoads" classname="com.usuarios.UsuariosRest.UsuariosRestApplicationTests" time="0.301">
    <system-out><![CDATA[15:09:29.621 [main] INFO org.springframework.test.context.support.AnnotationConfigContextLoaderUtils -- Could not detect default configuration classes for test class [com.usuarios.UsuariosRest.UsuariosRestApplicationTests]: UsuariosRestApplicationTests does not declare any static, non-private, non-final, nested classes annotated with @Configuration.
15:09:29.715 [main] INFO org.springframework.boot.test.context.SpringBootTestContextBootstrapper -- Found @SpringBootConfiguration com.usuarios.UsuariosRest.UsuariosRestApplication for test class com.usuarios.UsuariosRest.UsuariosRestApplicationTests
15:09:29.836 [main] INFO org.springframework.boot.devtools.restart.RestartApplicationListener -- Restart disabled due to context in which it is running

  .   ____          _            __ _ _
 /\\ / ___'_ __ _ _(_)_ __  __ _ \ \ \ \
( ( )\___ | '_ | '_| | '_ \/ _` | \ \ \ \
 \\/  ___)| |_)| | | | | || (_| |  ) ) ) )
  '  |____| .__|_| |_|_| |_\__, | / / / /
 =========|_|==============|___/=/_/_/_/
 :: Spring Boot ::                (v3.2.4)

2026-07-15T15:09:30.013-04:00  INFO 6760 --- [           main] c.u.U.UsuariosRestApplicationTests       : Starting UsuariosRestApplicationTests using Java 25.0.1 with PID 6760 (started by pablc in D:\Programacion\Devops\Clases\Clase 9\Actividad_EFT_Usuarios_REST\Actividad_Usuarios_REST\UsuariosREST)
2026-07-15T15:09:30.014-04:00  INFO 6760 --- [           main] c.u.U.UsuariosRestApplicationTests       : No active profile set, falling back to 1 default profile: "default"
2026-07-15T15:09:30.621-04:00  INFO 6760 --- [           main] .s.d.r.c.RepositoryConfigurationDelegate : Bootstrapping Spring Data JPA repositories in DEFAULT mode.
2026-07-15T15:09:30.663-04:00  INFO 6760 --- [           main] .s.d.r.c.RepositoryConfigurationDelegate : Finished Spring Data repository scanning in 36 ms. Found 1 JPA repository interface.
2026-07-15T15:09:31.009-04:00  INFO 6760 --- [           main] o.hibernate.jpa.internal.util.LogHelper  : HHH000204: Processing PersistenceUnitInfo [name: default]
2026-07-15T15:09:31.053-04:00  INFO 6760 --- [           main] org.hibernate.Version                    : HHH000412: Hibernate ORM core version 6.4.4.Final
2026-07-15T15:09:31.079-04:00  INFO 6760 --- [           main] o.h.c.internal.RegionFactoryInitiator    : HHH000026: Second-level cache disabled
2026-07-15T15:09:31.307-04:00  INFO 6760 --- [           main] o.s.o.j.p.SpringPersistenceUnitInfo      : No LoadTimeWeaver setup: ignoring JPA class transformer
2026-07-15T15:09:31.336-04:00  INFO 6760 --- [           main] com.zaxxer.hikari.HikariDataSource       : HikariPool-1 - Starting...
2026-07-15T15:09:33.023-04:00  INFO 6760 --- [           main] com.zaxxer.hikari.pool.HikariPool        : HikariPool-1 - Added connection com.mysql.cj.jdbc.ConnectionImpl@5dc7841c
2026-07-15T15:09:33.025-04:00  INFO 6760 --- [           main] com.zaxxer.hikari.HikariDataSource       : HikariPool-1 - Start completed.
2026-07-15T15:09:33.912-04:00  INFO 6760 --- [           main] o.h.e.t.j.p.i.JtaPlatformInitiator       : HHH000489: No JTA platform available (set 'hibernate.transaction.jta.platform' to enable JTA platform integration)
2026-07-15T15:09:34.422-04:00  INFO 6760 --- [           main] j.LocalContainerEntityManagerFactoryBean : Initialized JPA EntityManagerFactory for persistence unit 'default'
2026-07-15T15:09:34.806-04:00  WARN 6760 --- [           main] JpaBaseConfiguration$JpaWebConfiguration : spring.jpa.open-in-view is enabled by default. Therefore, database queries may be performed during view rendering. Explicitly configure spring.jpa.open-in-view to disable this warning
2026-07-15T15:09:35.206-04:00  INFO 6760 --- [           main] c.u.U.UsuariosRestApplicationTests       : Started UsuariosRestApplicationTests in 5.377 seconds (process running for 6.333)
]]></system-out>
    <system-err><![CDATA[WARNING: A Java agent has been loaded dynamically (C:\Users\pablc\.m2\repository\net\bytebuddy\byte-buddy-agent\1.14.12\byte-buddy-agent-1.14.12.jar)
WARNING: If a serviceability tool is in use, please run with -XX:+EnableDynamicAgentLoading to hide this warning
WARNING: If a serviceability tool is not in use, please run with -Djdk.instrument.traceUsage for more information
WARNING: Dynamic loading of agents will be disallowed by default in a future release
]]></system-err>
  </testcase>
</testsuite>